{
  "RSpec": {
    "coverage": {
      "/Users/alistairwye/Projects/shop/spec/controllers/products_controller_spec.rb": [
        1,
        null,
        1,
        null,
        1,
        1,
        1,
        1,
        null,
        null,
        1,
        1,
        1,
        1,
        null,
        null,
        1,
        1,
        1,
        null,
        null,
        null,
        null,
        null
      ],
      "/Users/alistairwye/Projects/shop/spec/rails_helper.rb": [
        null,
        1,
        1,
        null,
        1,
        1,
        1,
        1,
        1,
        1,
        1,
        null,
        null,
        null,
        null,
        null,
        null,
        null,
        null,
        null,
        null,
        null,
        null,
        null,
        null,
        null,
        null,
        null,
        null,
        null,
        null,
        1,
        null,
        1,
        null,
        1,
        null,
        null,
        null,
        null,
        1,
        null,
        null,
        null,
        null,
        null,
        null,
        null,
        null,
        null,
        null,
        null,
        null,
        null,
        null,
        1,
        null,
        null,
        1,
        null,
        null,
        null
      ],
      "/Users/alistairwye/Projects/shop/config/environment.rb": [
        null,
        1,
        null,
        null,
        1
      ],
      "/Users/alistairwye/Projects/shop/config/application.rb": [
        1,
        null,
        1,
        null,
        null,
        null,
        1,
        null,
        1,
        1,
        null,
        null,
        null,
        null,
        null,
        null,
        null,
        null,
        null,
        null,
        null,
        null,
        null,
        1,
        null,
        null
      ],
      "/Users/alistairwye/Projects/shop/config/boot.rb": [
        1,
        null,
        1
      ],
      "/Users/alistairwye/Projects/shop/config/environments/test.rb": [
        1,
        null,
        null,
        null,
        null,
        null,
        null,
        1,
        null,
        null,
        null,
        null,
        1,
        null,
        null,
        1,
        1,
        null,
        null,
        1,
        1,
        null,
        null,
        1,
        null,
        null,
        1,
        null,
        null,
        null,
        null,
        1,
        null,
        null,
        1,
        null,
        null,
        1,
        null,
        null,
        null,
        null
      ],
      "/Users/alistairwye/Projects/shop/config/initializers/assets.rb": [
        null,
        null,
        null,
        1,
        null,
        null,
        null,
        null,
        null,
        null,
        null
      ],
      "/Users/alistairwye/Projects/shop/config/initializers/backtrace_silencers.rb": [
        null,
        null,
        null,
        null,
        null,
        null,
        null
      ],
      "/Users/alistairwye/Projects/shop/config/initializers/cookies_serializer.rb": [
        null,
        null,
        1
      ],
      "/Users/alistairwye/Projects/shop/config/initializers/filter_parameter_logging.rb": [
        null,
        null,
        null,
        1
      ],
      "/Users/alistairwye/Projects/shop/config/initializers/inflections.rb": [
        null,
        null,
        null,
        null,
        null,
        null,
        null,
        null,
        null,
        null,
        null,
        null,
        null,
        null,
        null,
        null
      ],
      "/Users/alistairwye/Projects/shop/config/initializers/mime_types.rb": [
        null,
        null,
        null,
        null
      ],
      "/Users/alistairwye/Projects/shop/config/initializers/session_store.rb": [
        null,
        null,
        1
      ],
      "/Users/alistairwye/Projects/shop/config/initializers/wrap_parameters.rb": [
        null,
        null,
        null,
        null,
        null,
        null,
        1,
        1,
        null,
        null,
        null,
        null,
        null,
        null
      ],
      "/Users/alistairwye/Projects/shop/spec/factories/products.rb": [
        1,
        1,
        1,
        1,
        1,
        1,
        1,
        null,
        null
      ],
      "/Users/alistairwye/Projects/shop/config/routes.rb": [
        1,
        1,
        null,
        1,
        1,
        null,
        null,
        null,
        null,
        null,
        null,
        null,
        null,
        null,
        null,
        null,
        null,
        null,
        null,
        null,
        null,
        null,
        null,
        null,
        null,
        null,
        null,
        null,
        null,
        null,
        null,
        null,
        null,
        null,
        null,
        null,
        null,
        null,
        null,
        null,
        null,
        null,
        null,
        null,
        null,
        null,
        null,
        null,
        null,
        null,
        null,
        null,
        null,
        null,
        null,
        null,
        null,
        null,
        null,
        null
      ],
      "/Users/alistairwye/Projects/shop/app/helpers/application_helper.rb": [
        1,
        null
      ],
      "/Users/alistairwye/Projects/shop/app/helpers/products_helper.rb": [
        1,
        null
      ],
      "/Users/alistairwye/Projects/shop/spec/support/database_cleaner.rb": [
        1,
        1,
        null,
        1,
        8,
        8,
        null,
        0,
        null,
        8,
        null,
        null,
        1,
        8,
        null,
        null
      ],
      "/Users/alistairwye/Projects/shop/app/controllers/products_controller.rb": [
        1,
        1,
        6,
        null,
        null
      ],
      "/Users/alistairwye/Projects/shop/app/controllers/application_controller.rb": [
        1,
        null,
        null,
        1,
        null
      ],
      "/Users/alistairwye/Projects/shop/spec/features/products_spec.rb": [
        1,
        null,
        1,
        null,
        1,
        2,
        2,
        null,
        null,
        null,
        null,
        null,
        null,
        null,
        null,
        1,
        1,
        1,
        1,
        1,
        1,
        1,
        null,
        null,
        1,
        1,
        1,
        1,
        1,
        1,
        1,
        1,
        null,
        1,
        1,
        1,
        1,
        1,
        null,
        null,
        null
      ],
      "/Users/alistairwye/Projects/shop/spec/helpers/products_helper_spec.rb": [
        null,
        null,
        null,
        null,
        null,
        null,
        null,
        null,
        null,
        null,
        null,
        null,
        null,
        null,
        null
      ],
      "/Users/alistairwye/Projects/shop/spec/models/product_spec.rb": [
        null,
        null,
        null,
        null,
        null
      ],
      "/Users/alistairwye/Projects/shop/spec/requests/products_spec.rb": [
        1,
        null,
        1,
        1,
        1,
        1,
        1,
        null,
        null,
        null
      ],
      "/Users/alistairwye/Projects/shop/spec/routing/products_routing_spec.rb": [
        1,
        null,
        1,
        1,
        null,
        1,
        1,
        null,
        null,
        1,
        1,
        null,
        null,
        null,
        null,
        null
      ],
      "/Users/alistairwye/Projects/shop/spec/views/products/index.html.erb_spec.rb": [
        null,
        null,
        null,
        null,
        null
      ],
      "/Users/alistairwye/Projects/shop/app/models/product.rb": [
        1,
        1,
        null,
        null,
        1,
        null
      ]
    },
    "timestamp": 1472220035
  }
}
