{
  "RSpec": {
    "coverage": {
      "/Users/alistairwye/Projects/shop/spec/controllers/order_items_controller_spec.rb": [
        null,
        null,
        null,
        null,
        null,
        null,
        null,
        null,
        null,
        null,
        null,
        null,
        null,
        null,
        null,
        null,
        null,
        null,
        null
      ],
      "/Users/alistairwye/Projects/shop/spec/controllers/orders_controller_spec.rb": [
        1,
        null,
        1,
        null,
        1,
        1,
        1,
        1,
        null,
        null,
        null,
        null
      ],
      "/Users/alistairwye/Projects/shop/spec/rails_helper.rb": [
        null,
        1,
        1,
        null,
        1,
        1,
        1,
        null,
        null,
        1,
        1,
        1,
        1,
        null,
        null,
        null,
        null,
        null,
        null,
        null,
        null,
        null,
        null,
        null,
        null,
        null,
        null,
        null,
        null,
        null,
        null,
        1,
        null,
        1,
        null,
        1,
        null,
        null,
        null,
        null,
        1,
        null,
        null,
        null,
        null,
        null,
        null,
        null,
        null,
        null,
        null,
        null,
        null,
        null,
        null,
        1,
        null,
        null,
        1,
        null,
        null,
        null
      ],
      "/Users/alistairwye/Projects/shop/config/environment.rb": [
        null,
        1,
        null,
        null,
        1
      ],
      "/Users/alistairwye/Projects/shop/config/application.rb": [
        1,
        null,
        1,
        null,
        null,
        null,
        1,
        null,
        1,
        1,
        null,
        null,
        null,
        null,
        null,
        null,
        null,
        null,
        null,
        null,
        null,
        null,
        null,
        1,
        null,
        null
      ],
      "/Users/alistairwye/Projects/shop/config/boot.rb": [
        1,
        null,
        1
      ],
      "/Users/alistairwye/Projects/shop/config/environments/test.rb": [
        1,
        null,
        null,
        null,
        null,
        null,
        null,
        1,
        null,
        null,
        null,
        null,
        1,
        null,
        null,
        1,
        1,
        null,
        null,
        1,
        1,
        null,
        null,
        1,
        null,
        null,
        1,
        null,
        null,
        null,
        null,
        1,
        null,
        null,
        1,
        null,
        null,
        1,
        null,
        null,
        null,
        null
      ],
      "/Users/alistairwye/Projects/shop/config/initializers/assets.rb": [
        null,
        null,
        null,
        1,
        null,
        null,
        null,
        null,
        null,
        null,
        null
      ],
      "/Users/alistairwye/Projects/shop/config/initializers/backtrace_silencers.rb": [
        null,
        null,
        null,
        null,
        null,
        null,
        null
      ],
      "/Users/alistairwye/Projects/shop/config/initializers/cookies_serializer.rb": [
        null,
        null,
        1
      ],
      "/Users/alistairwye/Projects/shop/config/initializers/filter_parameter_logging.rb": [
        null,
        null,
        null,
        1
      ],
      "/Users/alistairwye/Projects/shop/config/initializers/inflections.rb": [
        null,
        null,
        null,
        null,
        null,
        null,
        null,
        null,
        null,
        null,
        null,
        null,
        null,
        null,
        null,
        null
      ],
      "/Users/alistairwye/Projects/shop/config/initializers/mime_types.rb": [
        null,
        null,
        null,
        null
      ],
      "/Users/alistairwye/Projects/shop/config/initializers/session_store.rb": [
        null,
        null,
        1
      ],
      "/Users/alistairwye/Projects/shop/config/initializers/wrap_parameters.rb": [
        null,
        null,
        null,
        null,
        null,
        null,
        1,
        1,
        null,
        null,
        null,
        null,
        null,
        null
      ],
      "/Users/alistairwye/Projects/shop/spec/factories/order_items.rb": [
        1,
        1,
        1,
        1,
        1,
        1,
        1,
        null,
        null
      ],
      "/Users/alistairwye/Projects/shop/spec/factories/orders.rb": [
        1,
        1,
        1,
        1,
        null,
        null
      ],
      "/Users/alistairwye/Projects/shop/spec/factories/products.rb": [
        1,
        1,
        1,
        1,
        1,
        1,
        1,
        1,
        null,
        null
      ],
      "/Users/alistairwye/Projects/shop/config/routes.rb": [
        1,
        1,
        1,
        1,
        1,
        null
      ],
      "/Users/alistairwye/Projects/shop/app/helpers/application_helper.rb": [
        1,
        null
      ],
      "/Users/alistairwye/Projects/shop/app/helpers/order_items_helper.rb": [
        1,
        null
      ],
      "/Users/alistairwye/Projects/shop/app/helpers/orders_helper.rb": [
        1,
        null,
        1,
        3,
        1,
        1,
        1,
        2,
        1,
        1,
        1,
        1,
        1,
        1,
        1,
        null,
        0,
        0,
        null,
        null,
        null,
        null
      ],
      "/Users/alistairwye/Projects/shop/app/helpers/products_helper.rb": [
        1,
        null
      ],
      "/Users/alistairwye/Projects/shop/spec/support/database_cleaner.rb": [
        1,
        1,
        null,
        1,
        1,
        null,
        null,
        1,
        15,
        null,
        null,
        1,
        5,
        null,
        null,
        1,
        15,
        null,
        null,
        1,
        15,
        null,
        null,
        null
      ],
      "/Users/alistairwye/Projects/shop/app/controllers/orders_controller.rb": [
        1,
        null,
        1,
        null,
        1,
        10,
        10,
        10,
        null,
        null,
        1,
        3,
        3,
        3,
        3,
        3,
        null,
        null,
        null
      ],
      "/Users/alistairwye/Projects/shop/app/controllers/application_controller.rb": [
        1,
        null,
        1,
        null,
        1,
        null,
        1,
        89,
        48,
        null,
        41,
        null,
        null,
        null,
        null
      ],
      "/Users/alistairwye/Projects/shop/spec/controllers/products_controller_spec.rb": [
        1,
        null,
        1,
        null,
        1,
        1,
        1,
        1,
        null,
        null,
        1,
        1,
        1,
        1,
        null,
        null,
        1,
        1,
        1,
        null,
        null,
        null,
        null,
        null
      ],
      "/Users/alistairwye/Projects/shop/app/controllers/products_controller.rb": [
        1,
        1,
        12,
        12,
        null,
        null
      ],
      "/Users/alistairwye/Projects/shop/spec/features/discounts_spec.rb": [
        1,
        null,
        1,
        3,
        null,
        null,
        1,
        1,
        1,
        1,
        1,
        1,
        1,
        null,
        1,
        null,
        null,
        1,
        1,
        1,
        1,
        1,
        1,
        1,
        null,
        1,
        null,
        null,
        1,
        1,
        1,
        1,
        1,
        1,
        1,
        null,
        1,
        null,
        null,
        null
      ],
      "/Users/alistairwye/Projects/shop/spec/features/orders_spec.rb": [
        1,
        null,
        1,
        3,
        null,
        null,
        1,
        1,
        1,
        1,
        null,
        1,
        1,
        1,
        1,
        1,
        1,
        null,
        null,
        1,
        1,
        1,
        1,
        1,
        1,
        null,
        null,
        null
      ],
      "/Users/alistairwye/Projects/shop/spec/features/products_spec.rb": [
        1,
        null,
        1,
        null,
        1,
        2,
        2,
        null,
        null,
        null,
        null,
        null,
        null,
        null,
        null,
        1,
        1,
        1,
        1,
        1,
        1,
        1,
        null,
        null,
        1,
        1,
        1,
        1,
        1,
        1,
        1,
        1,
        null,
        1,
        1,
        1,
        1,
        1,
        null,
        null,
        null
      ],
      "/Users/alistairwye/Projects/shop/spec/helpers/order_items_helper_spec.rb": [
        1,
        null,
        null,
        null,
        null,
        null,
        null,
        null,
        null,
        null,
        null,
        null,
        null,
        null,
        null
      ],
      "/Users/alistairwye/Projects/shop/spec/helpers/orders_helper_spec.rb": [
        null,
        null,
        null,
        null,
        null,
        null,
        null,
        null,
        null,
        null,
        null,
        null,
        null,
        null,
        null
      ],
      "/Users/alistairwye/Projects/shop/spec/helpers/products_helper_spec.rb": [
        null,
        null,
        null,
        null,
        null,
        null,
        null,
        null,
        null,
        null,
        null,
        null,
        null,
        null,
        null
      ],
      "/Users/alistairwye/Projects/shop/spec/models/order_item_spec.rb": [
        null,
        null,
        null,
        null,
        null
      ],
      "/Users/alistairwye/Projects/shop/spec/models/order_spec.rb": [
        null,
        null,
        null,
        null,
        null
      ],
      "/Users/alistairwye/Projects/shop/spec/models/product_spec.rb": [
        null,
        null,
        null,
        null,
        null
      ],
      "/Users/alistairwye/Projects/shop/spec/requests/products_spec.rb": [
        1,
        null,
        1,
        1,
        1,
        1,
        1,
        null,
        null,
        null
      ],
      "/Users/alistairwye/Projects/shop/spec/routing/products_routing_spec.rb": [
        1,
        null,
        1,
        1,
        null,
        1,
        1,
        null,
        null,
        1,
        1,
        null,
        null,
        null,
        null,
        null
      ],
      "/Users/alistairwye/Projects/shop/spec/views/order_items/create.html.erb_spec.rb": [
        null,
        null,
        null,
        null,
        null
      ],
      "/Users/alistairwye/Projects/shop/spec/views/order_items/destroy.html.erb_spec.rb": [
        null,
        null,
        null,
        null,
        null
      ],
      "/Users/alistairwye/Projects/shop/spec/views/orders/show.html.erb_spec.rb": [
        null,
        null,
        null,
        null,
        null
      ],
      "/Users/alistairwye/Projects/shop/spec/views/products/index.html.erb_spec.rb": [
        null,
        null,
        null,
        null,
        null
      ],
      "/Users/alistairwye/Projects/shop/app/models/order.rb": [
        1,
        null,
        1,
        null,
        1,
        null,
        null,
        1,
        9,
        9,
        9,
        0,
        0,
        null,
        9,
        null,
        9,
        null,
        null,
        1,
        45,
        null,
        null,
        1,
        1,
        null,
        null,
        1,
        1,
        null,
        null,
        1,
        1,
        null,
        null,
        1,
        9,
        null,
        null,
        1,
        3,
        3,
        6,
        6,
        3,
        null,
        null,
        null
      ],
      "/Users/alistairwye/Projects/shop/app/models/order_item.rb": [
        1,
        1,
        1,
        null,
        1,
        null,
        1,
        44,
        29,
        null,
        15,
        null,
        null,
        null,
        1,
        13,
        null,
        null,
        1,
        5,
        5,
        null,
        null,
        null
      ],
      "/Users/alistairwye/Projects/shop/app/models/product.rb": [
        1,
        1,
        null,
        null,
        1,
        null
      ],
      "/Users/alistairwye/Projects/shop/app/controllers/order_items_controller.rb": [
        1,
        1,
        5,
        5,
        5,
        5,
        5,
        5,
        null,
        null,
        1,
        1,
        1,
        1,
        1,
        1,
        1,
        null,
        null,
        1,
        5,
        null,
        null
      ]
    },
    "timestamp": 1472288693
  }
}
